Removed Pin From Net: NetName=GND Pin=C1-1
Removed Pin From Net: NetName=GND Pin=C2-1
Removed Pin From Net: NetName=GND Pin=C3-1
Removed Pin From Net: NetName=GND Pin=C4-1
Removed Pin From Net: NetName=GND Pin=C5-1
Removed Pin From Net: NetName=GND Pin=J1-3
Removed Pin From Net: NetName=GND Pin=J1-7
Removed Pin From Net: NetName=GND Pin=J1-8
Removed Pin From Net: NetName=GND Pin=VR1-2
Removed Pin From Net: NetName=GND Pin=VR2-2
Removed Pin From Net: NetName=GND Pin=VR3-2
Removed Pin From Net: NetName=GND Pin=VR4-2
Removed Member From Class: ClassName=Atomizer Member=C1
Removed Member From Class: ClassName=Atomizer Member=C2
Removed Member From Class: ClassName=Atomizer Member=C3
Removed Member From Class: ClassName=Atomizer Member=C4
Removed Member From Class: ClassName=Atomizer Member=C5
Removed Member From Class: ClassName=Atomizer Member=J1
Removed Member From Class: ClassName=Atomizer Member=VR1
Removed Member From Class: ClassName=Atomizer Member=VR2
Removed Member From Class: ClassName=Atomizer Member=VR3
Removed Member From Class: ClassName=Atomizer Member=VR4
Change Component Comment : Designator=R1 Old Comment=10K New Comment=1K
Added Component: Designator=LED8(LED 0805G)
Added Component: Designator=LED9(LED 0805G)
Added Component: Designator=Q5(SOT23-3N)
Added Component: Designator=Q6(SOT23-3N)
Added Component: Designator=R6(R 0805_M)
Added Component: Designator=R28(R 0805_M)
Added Component: Designator=R30(R 0805_M)
Added Component: Designator=R34(R 0805_M)
Added Component: Designator=R35(R 0805_M)
Added Pin To Net: NetName=5V Pin=LED8-1
Added Pin To Net: NetName=5V Pin=LED9-1
Added Pin To Net: NetName=GND Pin=Q5-2
Added Pin To Net: NetName=GND Pin=Q6-2
Added Pin To Net: NetName=4G_GPIO1 Pin=R28-2
Added Pin To Net: NetName=4G_GPIO4 Pin=R30-2
Added Pin To Net: NetName=GND Pin=R34-1
Added Pin To Net: NetName=GND Pin=R35-1
Added Pin To Net: NetName=NetLED8_2 Pin=LED8-2
Added Pin To Net: NetName=NetLED8_2 Pin=R1-2
Added Net: Name=NetLED8_2
Added Pin To Net: NetName=NetLED9_2 Pin=LED9-2
Added Pin To Net: NetName=NetLED9_2 Pin=R6-2
Added Net: Name=NetLED9_2
Added Pin To Net: NetName=NetQ5_1 Pin=Q5-1
Added Pin To Net: NetName=NetQ5_1 Pin=R28-1
Added Pin To Net: NetName=NetQ5_1 Pin=R34-2
Added Net: Name=NetQ5_1
Added Pin To Net: NetName=NetQ5_3 Pin=Q5-3
Added Pin To Net: NetName=NetQ5_3 Pin=R1-1
Added Net: Name=NetQ5_3
Added Pin To Net: NetName=NetQ6_1 Pin=Q6-1
Added Pin To Net: NetName=NetQ6_1 Pin=R30-1
Added Pin To Net: NetName=NetQ6_1 Pin=R35-2
Added Net: Name=NetQ6_1
Added Pin To Net: NetName=NetQ6_3 Pin=Q6-3
Added Pin To Net: NetName=NetQ6_3 Pin=R6-1
Added Net: Name=NetQ6_3
Added Member To Class: ClassName=Atomizer Member=Component LED8 ºìÉ«
Added Member To Class: ClassName=Atomizer Member=Component LED9 ºìÉ«
Added Member To Class: ClassName=Atomizer Member=Component Q5 SS8050
Added Member To Class: ClassName=Atomizer Member=Component Q6 SS8050
Added Member To Class: ClassName=Atomizer Member=Component R6 1K
Added Member To Class: ClassName=Atomizer Member=Component R28 1K
Added Member To Class: ClassName=Atomizer Member=Component R30 1K
Added Member To Class: ClassName=Atomizer Member=Component R34 1K
Added Member To Class: ClassName=Atomizer Member=Component R35 1K
Added Room: Name=Atomizer
