Removed Pin From Net: NetName=NetIC1_7 Pin=JP5-1
Removed Pin From Net: NetName=GND Pin=JP5-3
Removed Pin From Net: NetName=5V Pin=JP12-6
Removed Pin From Net: NetName=5V Pin=USB1-1
Removed Member From Class: ClassName=Atomizer Member=M3
Change Component Comment : Designator=R19 Old Comment=1K New Comment=4.7K
Change Component Comment : Designator=R22 Old Comment=1K New Comment=4.7K
Change Component Comment : Designator=R23 Old Comment=1K New Comment=4.7K
Change Component Comment : Designator=R24 Old Comment=1K New Comment=4.7K
Change Component Comment : Designator=R28 Old Comment=1K New Comment=4.7K
Change Component Comment : Designator=R30 Old Comment=1K New Comment=4.7K
Change Component Comment : Designator=R31 Old Comment=1K New Comment=4.7K
Change Component Comment : Designator=R32 Old Comment=1K New Comment=4.7K
Change Component Comment : Designator=R5 Old Comment=1K New Comment=10K
Change Component Comment : Designator=R11 Old Comment=1K New Comment=10K
Change Component Comment : Designator=R20 Old Comment=1K New Comment=10K
Change Component Comment : Designator=R29 Old Comment=1K New Comment=10K
Change Component Comment : Designator=R34 Old Comment=1K New Comment=47K
Change Component Comment : Designator=R35 Old Comment=1K New Comment=47K
Change Component Comment : Designator=C12 Old Comment=10 New Comment=104
Change Component Comment : Designator=C13 Old Comment=10 New Comment=104
Change Component Comment : Designator=R4 Old Comment=10K New Comment=1K
Change Component Comment : Designator=R10 Old Comment=10K New Comment=1K
Change Component Comment : Designator=R18 Old Comment=10K New Comment=1K
Change Component Comment : Designator=R27 Old Comment=10K New Comment=1K
Change Component Comment : Designator=C21 Old Comment=104 New Comment=10
Change Component Comment : Designator=C24 Old Comment=104 New Comment=10
Change Component Comment : Designator=U1 Old Comment=STM32F103RE New Comment=STM32F103RCT6
Added Component: Designator=C43(C 1206_L)
Added Component: Designator=R48(R 1206_L)
Added Component: Designator=SP1(M3x4_N)
Added Pin To Net: NetName=GND Pin=C43-1
Added Pin To Net: NetName=GND Pin=JP5-1
Added Pin To Net: NetName=NetIC1_7 Pin=JP5-3
Added Pin To Net: NetName=GND Pin=R48-1
Added Pin To Net: NetName=5VUSB Pin=JP12-6
Added Pin To Net: NetName=5VUSB Pin=USB1-1
Added Net: Name=5VUSB
Added Pin To Net: NetName=CHS Pin=C43-2
Added Pin To Net: NetName=CHS Pin=R48-2
Added Pin To Net: NetName=CHS Pin=SP1-1
Added Pin To Net: NetName=CHS Pin=SP1-1
Added Pin To Net: NetName=CHS Pin=SP1-1
Added Pin To Net: NetName=CHS Pin=SP1-1
Added Pin To Net: NetName=CHS Pin=SP1-1
Added Pin To Net: NetName=CHS Pin=SP1-1
Added Pin To Net: NetName=CHS Pin=SP1-1
Added Net: Name=CHS
Added Member To Class: ClassName=Atomizer Member=Component C43 104
Added Member To Class: ClassName=Atomizer Member=Component R48 1M
Added Member To Class: ClassName=Atomizer Member=Component SP1 M3═Гощ
Added Room: Name=Atomizer
