Added Component: Designator=C1(C 0805_M)
Added Component: Designator=C2(C 0805_M)
Added Component: Designator=C3(C 0805_M)
Added Component: Designator=C4(C 0805_M)
Added Component: Designator=C6(C 0805_M)
Added Component: Designator=C7(C 0805_M)
Added Component: Designator=C8(C 0805_M)
Added Component: Designator=C10(C 0805_M)
Added Component: Designator=C11(C 0805_M)
Added Component: Designator=C12(C 0805_M)
Added Component: Designator=C13(C 0805_M)
Added Component: Designator=C14(C 0805_M)
Added Component: Designator=C15(C 0805_M)
Added Component: Designator=C16(C 0805_M)
Added Component: Designator=C17(C 0805_M)
Added Component: Designator=C18(C 0805_M)
Added Component: Designator=C19(C 0805_M)
Added Component: Designator=C20(C 0805_M)
Added Component: Designator=C21(C 0805_M)
Added Component: Designator=C22(C 0805_M)
Added Component: Designator=C23(C 0805_M)
Added Component: Designator=C24(C 0805_M)
Added Component: Designator=C25(C 0805_M)
Added Component: Designator=C26(C 0805_M)
Added Component: Designator=C27(C 0805_M)
Added Component: Designator=C28(C 0805_M)
Added Component: Designator=C29(C 0805_M)
Added Component: Designator=C30(C 0805_M)
Added Component: Designator=C31(C 0805_M)
Added Component: Designator=C32(C 0805_M)
Added Component: Designator=C33(C 0805_M)
Added Component: Designator=C34(C 0805_M)
Added Component: Designator=C35(C 0805_M)
Added Component: Designator=C36(C 0805_M)
Added Component: Designator=C37(C 0805_M)
Added Component: Designator=C39(C 0805_M)
Added Component: Designator=C40(C 0805_M)
Added Component: Designator=C41(C 0805_M)
Added Component: Designator=C42(C 0805_M)
Added Component: Designator=JP6(XH2.54-LI-3P)
Added Component: Designator=JP8(HDR2.54-LI-4P)
Added Component: Designator=JP12(IDC2.54-LI-2x5P)
Added Component: Designator=R1(R 0805_M)
Added Component: Designator=R2(R 0805_M)
Added Component: Designator=R3(R 0805_M)
Added Component: Designator=R4(R 0805_M)
Added Component: Designator=R5(R 0805_M)
Added Component: Designator=R6(R 0805_M)
Added Component: Designator=R7(R 0805_M)
Added Component: Designator=R8(R 0805_M)
Added Component: Designator=R9(R 0805_M)
Added Component: Designator=R10(R 0805_M)
Added Component: Designator=R11(R 0805_M)
Added Component: Designator=R12(R 0805_M)
Added Component: Designator=R13(R 0805_M)
Added Component: Designator=R14(R 0805_M)
Added Component: Designator=R15(R 0805_M)
Added Component: Designator=R16(R 0805_M)
Added Component: Designator=R17(R 0805_M)
Added Component: Designator=R18(R 0805_M)
Added Component: Designator=R19(R 0805_M)
Added Component: Designator=R20(R 0805_M)
Added Component: Designator=R21(R 0805_M)
Added Component: Designator=R22(R 0805_M)
Added Component: Designator=R23(R 0805_M)
Added Component: Designator=R24(R 0805_M)
Added Component: Designator=R25(R 0805_M)
Added Component: Designator=R26(R 0805_M)
Added Component: Designator=R27(R 0805_M)
Added Component: Designator=R28(R 0805_M)
Added Component: Designator=R29(R 0805_M)
Added Component: Designator=R30(R 0805_M)
Added Component: Designator=R31(R 0805_M)
Added Component: Designator=R32(R 0805_M)
Added Component: Designator=R33(R 0805_M)
Added Component: Designator=R34(R 0805_M)
Added Component: Designator=R35(R 0805_M)
Added Component: Designator=R36(R 0805_M)
Added Component: Designator=R37(R 0805_M)
Added Component: Designator=R38(R 0805_M)
Added Component: Designator=R39(R 0805_M)
Added Component: Designator=R40(R 0805_M)
Added Component: Designator=R41(R 0805_M)
Added Component: Designator=R42(R 0805_M)
Added Component: Designator=R43(R 0805_M)
Added Component: Designator=R44(R 0805_M)
Added Component: Designator=R45(R 0805_M)
Added Component: Designator=R46(R 0805_M)
Added Component: Designator=R47(R 0805_M)
Added Component: Designator=X1(OSC-3x8-LI)
Added Component: Designator=X2(OSC HC-49SMD)
Added Pin To Net: NetName=GND Pin=C1-1
Added Pin To Net: NetName=SIM0DA Pin=C1-2
Added Pin To Net: NetName=GND Pin=C2-1
Added Pin To Net: NetName=VSIM0 Pin=C2-2
Added Pin To Net: NetName=GND Pin=C3-1
Added Pin To Net: NetName=SIM0RST Pin=C3-2
Added Pin To Net: NetName=GND Pin=C4-1
Added Pin To Net: NetName=SIM0CLK Pin=C4-2
Added Pin To Net: NetName=VBAT Pin=C6-1
Added Pin To Net: NetName=GND Pin=C6-2
Added Pin To Net: NetName=VBAT Pin=C7-1
Added Pin To Net: NetName=GND Pin=C7-2
Added Pin To Net: NetName=VBAT Pin=C8-1
Added Pin To Net: NetName=GND Pin=C8-2
Added Pin To Net: NetName=NetC10_1 Pin=C10-1
Added Pin To Net: NetName=GND Pin=C10-2
Added Pin To Net: NetName=NetC11_1 Pin=C11-1
Added Pin To Net: NetName=GND Pin=C11-2
Added Pin To Net: NetName=GND Pin=C12-1
Added Pin To Net: NetName=NetC12_2 Pin=C12-2
Added Pin To Net: NetName=GND Pin=C13-1
Added Pin To Net: NetName=NetC12_2 Pin=C13-2
Added Pin To Net: NetName=OSCIN Pin=C14-1
Added Pin To Net: NetName=GND Pin=C14-2
Added Pin To Net: NetName=GND Pin=C15-1
Added Pin To Net: NetName=3.3VM Pin=C15-2
Added Pin To Net: NetName=GND Pin=C16-1
Added Pin To Net: NetName=3.3VM Pin=C16-2
Added Pin To Net: NetName=GND Pin=C17-1
Added Pin To Net: NetName=3.3VM Pin=C17-2
Added Pin To Net: NetName=GND Pin=C18-1
Added Pin To Net: NetName=3.3VM Pin=C18-2
Added Pin To Net: NetName=OSCOUT Pin=C19-1
Added Pin To Net: NetName=GND Pin=C19-2
Added Pin To Net: NetName=GND Pin=C20-1
Added Pin To Net: NetName=3.3V Pin=C20-2
Added Pin To Net: NetName=OSC32IN Pin=C21-1
Added Pin To Net: NetName=GND Pin=C21-2
Added Pin To Net: NetName=GND Pin=C22-1
Added Pin To Net: NetName=3.3V Pin=C22-2
Added Pin To Net: NetName=NRST Pin=C23-1
Added Pin To Net: NetName=GND Pin=C23-2
Added Pin To Net: NetName=OSCOUT32 Pin=C24-1
Added Pin To Net: NetName=GND Pin=C24-2
Added Pin To Net: NetName=GND Pin=C25-1
Added Pin To Net: NetName=NetC25_2 Pin=C25-2
Added Pin To Net: NetName=3.3V Pin=C26-1
Added Pin To Net: NetName=GND Pin=C26-2
Added Pin To Net: NetName=NetC27_1 Pin=C27-1
Added Pin To Net: NetName=NetC27_2 Pin=C27-2
Added Pin To Net: NetName=GND Pin=C28-1
Added Pin To Net: NetName=NetC28_2 Pin=C28-2
Added Pin To Net: NetName=NetC29_1 Pin=C29-1
Added Pin To Net: NetName=NetC29_2 Pin=C29-2
Added Pin To Net: NetName=GND Pin=C30-1
Added Pin To Net: NetName=NetC30_2 Pin=C30-2
Added Pin To Net: NetName=GND Pin=C31-1
Added Pin To Net: NetName=3.3V Pin=C31-2
Added Pin To Net: NetName=NetC32_1 Pin=C32-1
Added Pin To Net: NetName=NetC32_2 Pin=C32-2
Added Pin To Net: NetName=GND Pin=C33-1
Added Pin To Net: NetName=3.3V Pin=C33-2
Added Pin To Net: NetName=GND Pin=C34-1
Added Pin To Net: NetName=3.3V Pin=C34-2
Added Pin To Net: NetName=VBAT Pin=C35-1
Added Pin To Net: NetName=NetC35_2 Pin=C35-2
Added Pin To Net: NetName=GND Pin=C36-1
Added Pin To Net: NetName=5V Pin=C36-2
Added Pin To Net: NetName=GND Pin=C37-1
Added Pin To Net: NetName=5V Pin=C37-2
Added Pin To Net: NetName=GND Pin=C39-1
Added Pin To Net: NetName=5V Pin=C39-2
Added Pin To Net: NetName=GND Pin=C40-1
Added Pin To Net: NetName=3.3V Pin=C40-2
Added Pin To Net: NetName=5V Pin=C41-1
Added Pin To Net: NetName=NetC42_1 Pin=C42-1
Added Pin To Net: NetName=NetC42_2 Pin=C42-2
Added Pin To Net: NetName=NetIC1_7 Pin=JP6-1
Added Pin To Net: NetName=NetIC1_8 Pin=JP6-2
Added Pin To Net: NetName=GND Pin=JP6-3
Added Pin To Net: NetName=GND Pin=JP8-1
Added Pin To Net: NetName=TX1 Pin=JP8-2
Added Pin To Net: NetName=RX1 Pin=JP8-3
Added Pin To Net: NetName=3.3V Pin=JP8-4
Added Pin To Net: NetName=SWCLK Pin=JP12-2
Added Pin To Net: NetName=SWDIO Pin=JP12-4
Added Pin To Net: NetName=GND Pin=JP12-6
Added Pin To Net: NetName=3.3V Pin=JP12-8
Added Pin To Net: NetName=5V Pin=JP12-10
Added Pin To Net: NetName=SIM0DA Pin=R1-1
Added Pin To Net: NetName=VSIM0 Pin=R1-2
Added Pin To Net: NetName=NetLED1_1 Pin=R2-1
Added Pin To Net: NetName=3.3V Pin=R2-2
Added Pin To Net: NetName=NetJ2_1 Pin=R3-1
Added Pin To Net: NetName=3.3V Pin=R3-2
Added Pin To Net: NetName=NetJ2_3 Pin=R4-1
Added Pin To Net: NetName=NetQ1_1 Pin=R4-2
Added Pin To Net: NetName=GND Pin=R5-1
Added Pin To Net: NetName=NetQ1_1 Pin=R5-2
Added Pin To Net: NetName=NetC10_1 Pin=R6-1
Added Pin To Net: NetName=NetC11_1 Pin=R6-2
Added Pin To Net: NetName=NetLED2_1 Pin=R7-1
Added Pin To Net: NetName=3.3V Pin=R7-2
Added Pin To Net: NetName=NetJ3_1 Pin=R8-1
Added Pin To Net: NetName=3.3V Pin=R8-2
Added Pin To Net: NetName=NetR9_1 Pin=R9-1
Added Pin To Net: NetName=GND Pin=R9-2
Added Pin To Net: NetName=NetJ3_3 Pin=R10-1
Added Pin To Net: NetName=NetQ2_1 Pin=R10-2
Added Pin To Net: NetName=GND Pin=R11-1
Added Pin To Net: NetName=NetQ2_1 Pin=R11-2
Added Pin To Net: NetName=3.3V Pin=R12-1
Added Pin To Net: NetName=NetC12_2 Pin=R12-2
Added Pin To Net: NetName=OSCOUT Pin=R13-1
Added Pin To Net: NetName=OSCIN Pin=R13-2
Added Pin To Net: NetName=3.3V Pin=R14-1
Added Pin To Net: NetName=3.3VM Pin=R14-2
Added Pin To Net: NetName=NetLED3_1 Pin=R15-1
Added Pin To Net: NetName=3.3V Pin=R15-2
Added Pin To Net: NetName=NetJ5_1 Pin=R16-1
Added Pin To Net: NetName=3.3V Pin=R16-2
Added Pin To Net: NetName=3.3V Pin=R17-1
Added Pin To Net: NetName=3.3VM Pin=R17-2
Added Pin To Net: NetName=NetJ5_3 Pin=R18-1
Added Pin To Net: NetName=NetQ3_1 Pin=R18-2
Added Pin To Net: NetName=TEM1 Pin=R19-1
Added Pin To Net: NetName=3.3V Pin=R19-2
Added Pin To Net: NetName=GND Pin=R20-1
Added Pin To Net: NetName=NetQ3_1 Pin=R20-2
Added Pin To Net: NetName=NRST Pin=R21-1
Added Pin To Net: NetName=3.3VM Pin=R21-2
Added Pin To Net: NetName=DHT1 Pin=R22-1
Added Pin To Net: NetName=3.3V Pin=R22-2
Added Pin To Net: NetName=GND Pin=R23-1
Added Pin To Net: NetName=AD Pin=R23-2
Added Pin To Net: NetName=AD Pin=R24-1
Added Pin To Net: NetName=NetC25_2 Pin=R24-2
Added Pin To Net: NetName=NetLED4_1 Pin=R25-1
Added Pin To Net: NetName=3.3V Pin=R25-2
Added Pin To Net: NetName=NetJ6_1 Pin=R26-1
Added Pin To Net: NetName=3.3V Pin=R26-2
Added Pin To Net: NetName=NetJ6_3 Pin=R27-1
Added Pin To Net: NetName=NetQ4_1 Pin=R27-2
Added Pin To Net: NetName=NetQ5_1 Pin=R28-1
Added Pin To Net: NetName=VDDIO Pin=R28-2
Added Pin To Net: NetName=GND Pin=R29-1
Added Pin To Net: NetName=NetQ4_1 Pin=R29-2
Added Pin To Net: NetName=VDDIO Pin=R30-1
Added Pin To Net: NetName=UART1_TXD/GPIO_1 Pin=R30-2
Added Pin To Net: NetName=TEM2 Pin=R31-1
Added Pin To Net: NetName=3.3V Pin=R31-2
Added Pin To Net: NetName=DHT2 Pin=R32-1
Added Pin To Net: NetName=3.3V Pin=R32-2
Added Pin To Net: NetName=SCL Pin=R33-1
Added Pin To Net: NetName=3.3V Pin=R33-2
Added Pin To Net: NetName=5V Pin=R34-1
Added Pin To Net: NetName=NetR34_2 Pin=R34-2
Added Pin To Net: NetName=NetC35_2 Pin=R35-1
Added Pin To Net: NetName=VBAT Pin=R35-2
Added Pin To Net: NetName=SDA Pin=R36-1
Added Pin To Net: NetName=3.3V Pin=R36-2
Added Pin To Net: NetName=NetQ6_1 Pin=R37-1
Added Pin To Net: NetName=VDDIO Pin=R37-2
Added Pin To Net: NetName=UART1_RXD/GPIO_0 Pin=R38-1
Added Pin To Net: NetName=VDDIO Pin=R38-2
Added Pin To Net: NetName=GND Pin=R39-1
Added Pin To Net: NetName=NetC35_2 Pin=R39-2
Added Pin To Net: NetName=BOOT0 Pin=R40-1
Added Pin To Net: NetName=NetR40_2 Pin=R40-2
Added Pin To Net: NetName=GND Pin=R41-1
Added Pin To Net: NetName=NetLED5_2 Pin=R41-2
Added Pin To Net: NetName=LED1 Pin=R42-1
Added Pin To Net: NetName=NetLED6_2 Pin=R42-2
Added Pin To Net: NetName=LED2 Pin=R43-1
Added Pin To Net: NetName=NetLED7_2 Pin=R43-2
Added Pin To Net: NetName=NetLED9_1 Pin=R44-1
Added Pin To Net: NetName=NET_LED Pin=R44-2
Added Pin To Net: NetName=NetLED8_1 Pin=R45-1
Added Pin To Net: NetName=VDDIO Pin=R45-2
Added Pin To Net: NetName=GND Pin=R46-1
Added Pin To Net: NetName=PWRKEY Pin=R46-2
Added Pin To Net: NetName=NetIC*1_8 Pin=R47-1
Added Pin To Net: NetName=NetJP10_1 Pin=R47-2
Added Pin To Net: NetName=OSCOUT Pin=X1-1
Added Pin To Net: NetName=OSCIN Pin=X1-2
Added Pin To Net: NetName=OSCOUT32 Pin=X2-1
Added Pin To Net: NetName=OSC32IN Pin=X2-2
Added Member To Class: ClassName=Atomizer Member=Component C1 CAP-33PF-0402-C0G
Added Member To Class: ClassName=Atomizer Member=Component C2 CAP-33PF-0402-C0G
Added Member To Class: ClassName=Atomizer Member=Component C3 CAP-33PF-0402-C0G
Added Member To Class: ClassName=Atomizer Member=Component C4 CAP-33PF-0402-C0G
Added Member To Class: ClassName=Atomizer Member=Component C6 104
Added Member To Class: ClassName=Atomizer Member=Component C7 104
Added Member To Class: ClassName=Atomizer Member=Component C8 104
Added Member To Class: ClassName=Atomizer Member=Component C10 104
Added Member To Class: ClassName=Atomizer Member=Component C11 104
Added Member To Class: ClassName=Atomizer Member=Component C12 10
Added Member To Class: ClassName=Atomizer Member=Component C13 10
Added Member To Class: ClassName=Atomizer Member=Component C14 22
Added Member To Class: ClassName=Atomizer Member=Component C15 104
Added Member To Class: ClassName=Atomizer Member=Component C16 104
Added Member To Class: ClassName=Atomizer Member=Component C17 104
Added Member To Class: ClassName=Atomizer Member=Component C18 104
Added Member To Class: ClassName=Atomizer Member=Component C19 22
Added Member To Class: ClassName=Atomizer Member=Component C20 104
Added Member To Class: ClassName=Atomizer Member=Component C21 104
Added Member To Class: ClassName=Atomizer Member=Component C22 104
Added Member To Class: ClassName=Atomizer Member=Component C23 104
Added Member To Class: ClassName=Atomizer Member=Component C24 104
Added Member To Class: ClassName=Atomizer Member=Component C25 104
Added Member To Class: ClassName=Atomizer Member=Component C26 104
Added Member To Class: ClassName=Atomizer Member=Component C27 104
Added Member To Class: ClassName=Atomizer Member=Component C28 104
Added Member To Class: ClassName=Atomizer Member=Component C29 104
Added Member To Class: ClassName=Atomizer Member=Component C30 104
Added Member To Class: ClassName=Atomizer Member=Component C31 104
Added Member To Class: ClassName=Atomizer Member=Component C32 104
Added Member To Class: ClassName=Atomizer Member=Component C33 104
Added Member To Class: ClassName=Atomizer Member=Component C34 104
Added Member To Class: ClassName=Atomizer Member=Component C35 104
Added Member To Class: ClassName=Atomizer Member=Component C36 104
Added Member To Class: ClassName=Atomizer Member=Component C37 104
Added Member To Class: ClassName=Atomizer Member=Component C39 104
Added Member To Class: ClassName=Atomizer Member=Component C40 104
Added Member To Class: ClassName=Atomizer Member=Component C41 104
Added Member To Class: ClassName=Atomizer Member=Component C42 104
Added Member To Class: ClassName=Atomizer Member=Component JP6 HDR-1X3
Added Member To Class: ClassName=Atomizer Member=Component JP8 HDR-1X4
Added Member To Class: ClassName=Atomizer Member=Component JP12 Header 5X2
Added Member To Class: ClassName=Atomizer Member=Component R1 10K
Added Member To Class: ClassName=Atomizer Member=Component R2 300
Added Member To Class: ClassName=Atomizer Member=Component R3 300
Added Member To Class: ClassName=Atomizer Member=Component R4 10K
Added Member To Class: ClassName=Atomizer Member=Component R5 1K
Added Member To Class: ClassName=Atomizer Member=Component R6 10K
Added Member To Class: ClassName=Atomizer Member=Component R7 300
Added Member To Class: ClassName=Atomizer Member=Component R8 300
Added Member To Class: ClassName=Atomizer Member=Component R9 10K
Added Member To Class: ClassName=Atomizer Member=Component R10 10K
Added Member To Class: ClassName=Atomizer Member=Component R11 1K
Added Member To Class: ClassName=Atomizer Member=Component R12 10
Added Member To Class: ClassName=Atomizer Member=Component R13 1M
Added Member To Class: ClassName=Atomizer Member=Component R14 0
Added Member To Class: ClassName=Atomizer Member=Component R15 300
Added Member To Class: ClassName=Atomizer Member=Component R16 300
Added Member To Class: ClassName=Atomizer Member=Component R17 0
Added Member To Class: ClassName=Atomizer Member=Component R18 10K
Added Member To Class: ClassName=Atomizer Member=Component R19 1K
Added Member To Class: ClassName=Atomizer Member=Component R20 1K
Added Member To Class: ClassName=Atomizer Member=Component R21 10K
Added Member To Class: ClassName=Atomizer Member=Component R22 1K
Added Member To Class: ClassName=Atomizer Member=Component R23 1K
Added Member To Class: ClassName=Atomizer Member=Component R24 1K
Added Member To Class: ClassName=Atomizer Member=Component R25 300
Added Member To Class: ClassName=Atomizer Member=Component R26 300
Added Member To Class: ClassName=Atomizer Member=Component R27 10K
Added Member To Class: ClassName=Atomizer Member=Component R28 10K
Added Member To Class: ClassName=Atomizer Member=Component R29 1K
Added Member To Class: ClassName=Atomizer Member=Component R30 10K
Added Member To Class: ClassName=Atomizer Member=Component R31 1K
Added Member To Class: ClassName=Atomizer Member=Component R32 1K
Added Member To Class: ClassName=Atomizer Member=Component R33 4.7K
Added Member To Class: ClassName=Atomizer Member=Component R34 10K
Added Member To Class: ClassName=Atomizer Member=Component R35 10K
Added Member To Class: ClassName=Atomizer Member=Component R36 4.7K
Added Member To Class: ClassName=Atomizer Member=Component R37 10K
Added Member To Class: ClassName=Atomizer Member=Component R38 10K
Added Member To Class: ClassName=Atomizer Member=Component R39 10K
Added Member To Class: ClassName=Atomizer Member=Component R40 10K
Added Member To Class: ClassName=Atomizer Member=Component R41 300
Added Member To Class: ClassName=Atomizer Member=Component R42 300
Added Member To Class: ClassName=Atomizer Member=Component R43 300
Added Member To Class: ClassName=Atomizer Member=Component R44 10K
Added Member To Class: ClassName=Atomizer Member=Component R45 10K
Added Member To Class: ClassName=Atomizer Member=Component R46 10K
Added Member To Class: ClassName=Atomizer Member=Component R47 10K
Added Member To Class: ClassName=Atomizer Member=Component X1 12MHz
Added Member To Class: ClassName=Atomizer Member=Component X2 12MHz
