Removed Pin From Net: NetName=VBAT Pin=C6-1
Removed Pin From Net: NetName=GND Pin=C6-2
Removed Pin From Net: NetName=VBAT Pin=C7-1
Removed Pin From Net: NetName=GND Pin=C7-2
Removed Pin From Net: NetName=VBAT Pin=C8-1
Removed Pin From Net: NetName=GND Pin=C8-2
Removed Pin From Net: NetName=VBAT Pin=C9-1
Removed Pin From Net: NetName=GND Pin=C9-2
Removed Pin From Net: NetName=GND Pin=C10-2
Removed Pin From Net: NetName=GND Pin=C11-2
Removed Pin From Net: NetName=VBAT Pin=C35-1
Removed Pin From Net: NetName=GND Pin=C36-1
Removed Pin From Net: NetName=5V Pin=C36-2
Removed Pin From Net: NetName=GND Pin=C37-1
Removed Pin From Net: NetName=5V Pin=C37-2
Removed Pin From Net: NetName=GND Pin=C41-1
Removed Pin From Net: NetName=12V Pin=C41-2
Removed Pin From Net: NetName=VBAT Pin=E1-1
Removed Pin From Net: NetName=GND Pin=E1-2
Removed Pin From Net: NetName=GND Pin=E4-1
Removed Pin From Net: NetName=12V Pin=E4-2
Removed Pin From Net: NetName=GND Pin=J4-1
Removed Pin From Net: NetName=GND Pin=J4-3
Removed Pin From Net: NetName=VBAT Pin=L1-2
Removed Pin From Net: NetName=GND Pin=L3-1
Removed Pin From Net: NetName=GND Pin=LED8-2
Removed Pin From Net: NetName=GND Pin=LED9-2
Removed Pin From Net: NetName=12V Pin=M5-1
Removed Pin From Net: NetName=RX3 Pin=Q5-3
Removed Pin From Net: NetName=TX3 Pin=Q6-3
Removed Pin From Net: NetName=5V Pin=R34-1
Removed Pin From Net: NetName=VBAT Pin=R35-2
Removed Pin From Net: NetName=GND Pin=R39-1
Removed Pin From Net: NetName=GND Pin=R46-1
Removed Pin From Net: NetName=GND Pin=U2-8
Removed Pin From Net: NetName=GND Pin=U2-13
Removed Pin From Net: NetName=SIM0DA Pin=U2-15
Removed Pin From Net: NetName=SIM0CLK Pin=U2-16
Removed Pin From Net: NetName=SIM0RST Pin=U2-17
Removed Pin From Net: NetName=VSIM0 Pin=U2-18
Removed Pin From Net: NetName=GND Pin=U2-19
Removed Pin From Net: NetName=GND Pin=U2-21
Removed Pin From Net: NetName=GND Pin=U2-27
Removed Pin From Net: NetName=GND Pin=U2-30
Removed Pin From Net: NetName=GND Pin=U2-31
Removed Pin From Net: NetName=GND Pin=U2-33
Removed Pin From Net: NetName=VBAT Pin=U2-34
Removed Pin From Net: NetName=VBAT Pin=U2-35
Removed Pin From Net: NetName=GND Pin=U2-36
Removed Pin From Net: NetName=GND Pin=U2-37
Removed Pin From Net: NetName=GND Pin=U3-1
Removed Pin From Net: NetName=5V Pin=U3-3
Removed Pin From Net: NetName=GND Pin=ZR1-1
Removed Pin From Net: NetName=12V Pin=ZR1-2
Removed Member From Class: ClassName=Atomizer Member=C6
Removed Member From Class: ClassName=Atomizer Member=C7
Removed Member From Class: ClassName=Atomizer Member=C8
Removed Member From Class: ClassName=Atomizer Member=C9
Removed Member From Class: ClassName=Atomizer Member=C10
Removed Member From Class: ClassName=Atomizer Member=C11
Removed Member From Class: ClassName=Atomizer Member=C32
Removed Member From Class: ClassName=Atomizer Member=C35
Removed Member From Class: ClassName=Atomizer Member=C36
Removed Member From Class: ClassName=Atomizer Member=C37
Removed Member From Class: ClassName=Atomizer Member=E1
Removed Member From Class: ClassName=Atomizer Member=J4
Removed Member From Class: ClassName=Atomizer Member=L1
Removed Member From Class: ClassName=Atomizer Member=LED8
Removed Member From Class: ClassName=Atomizer Member=LED9
Removed Member From Class: ClassName=Atomizer Member=M1
Removed Member From Class: ClassName=Atomizer Member=Q5
Removed Member From Class: ClassName=Atomizer Member=Q6
Removed Member From Class: ClassName=Atomizer Member=R6
Removed Member From Class: ClassName=Atomizer Member=R28
Removed Member From Class: ClassName=Atomizer Member=R30
Removed Member From Class: ClassName=Atomizer Member=R34
Removed Member From Class: ClassName=Atomizer Member=R35
Removed Member From Class: ClassName=Atomizer Member=R37
Removed Member From Class: ClassName=Atomizer Member=R38
Removed Member From Class: ClassName=Atomizer Member=R39
Removed Member From Class: ClassName=Atomizer Member=R44
Removed Member From Class: ClassName=Atomizer Member=R45
Removed Member From Class: ClassName=Atomizer Member=R46
Removed Member From Class: ClassName=Atomizer Member=U2
Removed Member From Class: ClassName=Atomizer Member=U3
Added Component: Designator=C42(C 0805_M)
Added Component: Designator=E6(CT 10*8 - C)
Added Component: Designator=JP12(HDR2.54-M-LI-10P)
Added Component: Designator=JP13(HDR2.54-M-LI-12P)
Added Component: Designator=L4(CD32)
Added Component: Designator=USB1(USB-MICRO_A)
Added Pin To Net: NetName=12V Pin=C41-1
Added Pin To Net: NetName=GND Pin=C41-2
Added Pin To Net: NetName=GND Pin=C42-2
Added Pin To Net: NetName=12V Pin=E4-1
Added Pin To Net: NetName=GND Pin=E4-2
Added Pin To Net: NetName=GND Pin=E6-2
Added Pin To Net: NetName=GND Pin=JP12-3
Added Pin To Net: NetName=5V Pin=JP12-6
Added Pin To Net: NetName=GND Pin=JP13-2
Added Pin To Net: NetName=GND Pin=JP13-3
Added Pin To Net: NetName=RX2 Pin=JP13-10
Added Pin To Net: NetName=TX2 Pin=JP13-11
Added Pin To Net: NetName=12V Pin=L3-1
Added Pin To Net: NetName=GND Pin=M5-1
Added Pin To Net: NetName=5V Pin=USB1-1
Added Pin To Net: NetName=GND Pin=USB1-4
Added Pin To Net: NetName=GND Pin=USB1-5
Added Pin To Net: NetName=GND Pin=USB1-5
Added Pin To Net: NetName=GND Pin=USB1-5
Added Pin To Net: NetName=GND Pin=USB1-5
Added Pin To Net: NetName=GND Pin=USB1-5
Added Pin To Net: NetName=GND Pin=USB1-5
Added Pin To Net: NetName=GND Pin=USB1-5
Added Pin To Net: NetName=12V Pin=ZR1-1
Added Pin To Net: NetName=GND Pin=ZR1-2
Added Pin To Net: NetName=4G_GPIO1 Pin=JP13-6
Added Net: Name=4G_GPIO1
Added Pin To Net: NetName=4G_GPIO4 Pin=JP13-7
Added Net: Name=4G_GPIO4
Added Pin To Net: NetName=DM Pin=JP12-5
Added Pin To Net: NetName=DM Pin=USB1-2
Added Net: Name=DM
Added Pin To Net: NetName=DP Pin=JP12-4
Added Pin To Net: NetName=DP Pin=USB1-3
Added Net: Name=DP
Added Pin To Net: NetName=NetC42_1 Pin=C42-1
Added Pin To Net: NetName=NetC42_1 Pin=E6-1
Added Pin To Net: NetName=NetC42_1 Pin=L4-1
Added Net: Name=NetC42_1
Added Pin To Net: NetName=NetJP13_1 Pin=JP13-1
Added Pin To Net: NetName=NetJP13_1 Pin=L4-2
Added Net: Name=NetJP13_1
Added Member To Class: ClassName=Atomizer Member=Component C42 104
Added Member To Class: ClassName=Atomizer Member=Component E6 100uF/50V
Added Member To Class: ClassName=Atomizer Member=Component JP12 HDR-1X10
Added Member To Class: ClassName=Atomizer Member=Component JP13 HDR-1X12
Added Member To Class: ClassName=Atomizer Member=Component L4 10uH
Added Member To Class: ClassName=Atomizer Member=Component USB1 USB-5P
Added Room: Name=Atomizer
