Change Component Designator: Old Designator=C1 New Designator=C12
Change Component Designator: Old Designator=C2 New Designator=C13
Change Component Designator: Old Designator=C3 New Designator=C14
Change Component Designator: Old Designator=C5 New Designator=C34
Change Component Designator: Old Designator=C6 New Designator=C15
Change Component Designator: Old Designator=C7 New Designator=C16
Change Component Designator: Old Designator=C8 New Designator=C17
Change Component Designator: Old Designator=C9 New Designator=C18
Change Component Designator: Old Designator=C10 New Designator=C19
Change Component Designator: Old Designator=C11 New Designator=C31
Change Component Designator: Old Designator=C12 New Designator=C20
Change Component Designator: Old Designator=C13 New Designator=C21
Change Component Designator: Old Designator=C14 New Designator=C22
Change Component Designator: Old Designator=C16 New Designator=C33
Change Component Designator: Old Designator=C17 New Designator=C23
Change Component Designator: Old Designator=C18 New Designator=C24
Change Component Designator: Old Designator=C19 New Designator=C25
Change Component Designator: Old Designator=C20 New Designator=C26
Change Component Designator: Old Designator=C21 New Designator=C27
Change Component Designator: Old Designator=C22 New Designator=C28
Change Component Designator: Old Designator=C24 New Designator=C29
Change Component Designator: Old Designator=C28 New Designator=C39
Change Component Designator: Old Designator=C29 New Designator=C40
Change Component Designator: Old Designator=C35 New Designator=C30
Change Component Designator: Old Designator=C? New Designator=C1
Change Component Designator: Old Designator=C? New Designator=C2
Change Component Designator: Old Designator=C? New Designator=C3
Change Component Designator: Old Designator=C? New Designator=C4
Change Component Designator: Old Designator=C? New Designator=C5
Change Component Designator: Old Designator=C? New Designator=C6
Change Component Designator: Old Designator=C? New Designator=C7
Change Component Designator: Old Designator=C? New Designator=C8
Change Component Designator: Old Designator=C? New Designator=C9
Change Component Designator: Old Designator=C? New Designator=C10
Change Component Designator: Old Designator=C? New Designator=C11
Change Component Designator: Old Designator=C? New Designator=C32
Change Component Designator: Old Designator=C? New Designator=C35
Change Component Designator: Old Designator=C? New Designator=C36
Change Component Designator: Old Designator=C? New Designator=C37
Change Component Designator: Old Designator=C? New Designator=C38
Change Component Designator: Old Designator=C? New Designator=C41
Change Component Designator: Old Designator=C? New Designator=C42
Change Component Designator: Old Designator=E? New Designator=E2
Change Component Designator: Old Designator=E? New Designator=E3
Change Component Designator: Old Designator=IC1 New Designator=IC2
Change Component Designator: Old Designator=IC2 New Designator=IC1
Change Component Designator: Old Designator=IC* New Designator=IC*1
Change Component Designator: Old Designator=J1 New Designator=J2
Change Component Designator: Old Designator=J? New Designator=J1
Change Component Designator: Old Designator=J? New Designator=J3
Change Component Designator: Old Designator=J? New Designator=J4
Change Component Designator: Old Designator=J? New Designator=J5
Change Component Designator: Old Designator=J? New Designator=J6
Change Component Designator: Old Designator=JK? New Designator=JK1
Change Component Designator: Old Designator=JK? New Designator=JK2
Change Component Designator: Old Designator=JK? New Designator=JK3
Change Component Designator: Old Designator=JK? New Designator=JK4
Change Component Designator: Old Designator=JP1 New Designator=JP5
Change Component Designator: Old Designator=JP2 New Designator=JP1
Change Component Designator: Old Designator=JP3 New Designator=JP2
Change Component Designator: Old Designator=JP5 New Designator=JP7
Change Component Designator: Old Designator=JP6 New Designator=JP3
Change Component Designator: Old Designator=JP7 New Designator=JP9
Change Component Designator: Old Designator=JP8 New Designator=JP6
Change Component Designator: Old Designator=JP10 New Designator=JP8
Change Component Designator: Old Designator=JP13 New Designator=JP11
Change Component Designator: Old Designator=JP14 New Designator=JP12
Change Component Designator: Old Designator=JP15 New Designator=JP4
Change Component Designator: Old Designator=JP16 New Designator=JP10
Change Component Designator: Old Designator=K? New Designator=K1
Change Component Designator: Old Designator=L? New Designator=L1
Change Component Designator: Old Designator=L? New Designator=L2
Change Component Designator: Old Designator=L? New Designator=L3
Change Component Designator: Old Designator=LED8 New Designator=LED5
Change Component Designator: Old Designator=LED? New Designator=LED2
Change Component Designator: Old Designator=LED? New Designator=LED3
Change Component Designator: Old Designator=LED? New Designator=LED4
Change Component Designator: Old Designator=LED? New Designator=LED8
Change Component Designator: Old Designator=LED? New Designator=LED9
Change Component Designator: Old Designator=M1 New Designator=M2
Change Component Designator: Old Designator=M2 New Designator=M3
Change Component Designator: Old Designator=M5 New Designator=M4
Change Component Designator: Old Designator=M? New Designator=M1
Change Component Designator: Old Designator=M? New Designator=M5
Change Component Designator: Old Designator=Q? New Designator=Q1
Change Component Designator: Old Designator=Q? New Designator=Q2
Change Component Designator: Old Designator=Q? New Designator=Q3
Change Component Designator: Old Designator=Q? New Designator=Q4
Change Component Designator: Old Designator=Q? New Designator=Q5
Change Component Designator: Old Designator=Q? New Designator=Q6
Change Component Designator: Old Designator=R1 New Designator=R2
Change Component Designator: Old Designator=R2 New Designator=R3
Change Component Designator: Old Designator=R3 New Designator=R4
Change Component Designator: Old Designator=R4 New Designator=R5
Change Component Designator: Old Designator=R15 New Designator=R13
Change Component Designator: Old Designator=R16 New Designator=R14
Change Component Designator: Old Designator=R17 New Designator=R33
Change Component Designator: Old Designator=R18 New Designator=R17
Change Component Designator: Old Designator=R19 New Designator=R36
Change Component Designator: Old Designator=R20 New Designator=R31
Change Component Designator: Old Designator=R21 New Designator=R19
Change Component Designator: Old Designator=R22 New Designator=R21
Change Component Designator: Old Designator=R25 New Designator=R22
Change Component Designator: Old Designator=R27 New Designator=R32
Change Component Designator: Old Designator=R29 New Designator=R23
Change Component Designator: Old Designator=R30 New Designator=R24
Change Component Designator: Old Designator=R36 New Designator=R40
Change Component Designator: Old Designator=R37 New Designator=R42
Change Component Designator: Old Designator=R38 New Designator=R43
Change Component Designator: Old Designator=R41 New Designator=R47
Change Component Designator: Old Designator=R42 New Designator=R41
Change Component Designator: Old Designator=R? New Designator=R1
Change Component Designator: Old Designator=R? New Designator=R6
Change Component Designator: Old Designator=R? New Designator=R7
Change Component Designator: Old Designator=R? New Designator=R8
Change Component Designator: Old Designator=R? New Designator=R10
Change Component Designator: Old Designator=R? New Designator=R11
Change Component Designator: Old Designator=R? New Designator=R15
Change Component Designator: Old Designator=R? New Designator=R16
Change Component Designator: Old Designator=R? New Designator=R18
Change Component Designator: Old Designator=R? New Designator=R20
Change Component Designator: Old Designator=R? New Designator=R25
Change Component Designator: Old Designator=R? New Designator=R26
Change Component Designator: Old Designator=R? New Designator=R27
Change Component Designator: Old Designator=R? New Designator=R28
Change Component Designator: Old Designator=R? New Designator=R29
Change Component Designator: Old Designator=R? New Designator=R30
Change Component Designator: Old Designator=R? New Designator=R34
Change Component Designator: Old Designator=R? New Designator=R35
Change Component Designator: Old Designator=R? New Designator=R37
Change Component Designator: Old Designator=R? New Designator=R38
Change Component Designator: Old Designator=R? New Designator=R39
Change Component Designator: Old Designator=R? New Designator=R44
Change Component Designator: Old Designator=R? New Designator=R45
Change Component Designator: Old Designator=R? New Designator=R46
Change Component Designator: Old Designator=U? New Designator=U2
Change Component Designator: Old Designator=U? New Designator=U3
Change Component Designator: Old Designator=VD? New Designator=VD2
Change Component Designator: Old Designator=VD? New Designator=VD3
Change Component Designator: Old Designator=VD? New Designator=VD4
Change Component Designator: Old Designator=VR? New Designator=VR1
Change Component Designator: Old Designator=VR? New Designator=VR2
Change Component Designator: Old Designator=VR? New Designator=VR3
Change Component Designator: Old Designator=VR? New Designator=VR4
Change Component Designator: Old Designator=ZR? New Designator=ZR1
